[2025-05-15T23:54:40.166068+02:00] cart.INFO: User 13 added product {4} to their cart. [] []
[2025-05-15T23:54:56.276682+02:00] cart.INFO: User 13 added product {14} to their cart. [] []
[2025-05-15T23:54:58.262996+02:00] cart.INFO: User 13 added product {11} to their cart. [] []
[2025-05-15T23:55:02.572818+02:00] cart.INFO: User 13 added product {4} to their cart. [] []
[2025-05-15T23:55:07.708195+02:00] cart.INFO: User 13 increased the quantity of {82} in their cart. [] []
[2025-05-15T23:55:11.378123+02:00] cart.INFO: User 13 increased the quantity of {82} in their cart. [] []
[2025-05-15T23:56:34.704091+02:00] cart.INFO: User 13 removed product {} from their cart. [] []
[2025-05-15T23:57:13.765371+02:00] cart.INFO: User 13 removed product {83} from their cart. [] []
[2025-05-15T23:59:26.076038+02:00] cart.INFO: User 13 removed product {} from their cart. [] []
[2025-05-15T23:59:31.437831+02:00] cart.INFO: User 13 increased the quantity of {4} in their cart. [] []
[2025-05-15T23:59:34.630298+02:00] cart.INFO: User 13 decreased the quantity of {4} in their cart. [] []
[2025-05-16T00:00:02.939063+02:00] cart.INFO: User 13 increased the quantity of {4} in their cart. [] []
[2025-05-16T00:00:17.605078+02:00] cart.INFO: User 13 increased the quantity of {4} in their cart. [] []
[2025-05-16T00:00:55.058343+02:00] cart.INFO: User 13 increased the quantity of {4} in their cart by 1. [] []
[2025-05-16T00:01:02.058080+02:00] cart.INFO: User 13 increased the quantity of {4} in their cart by 1. [] []
[2025-05-16T00:01:03.254223+02:00] cart.INFO: User 13 decreased the quantity of {4} in their cart by 1. [] []
[2025-05-16T00:01:08.105577+02:00] cart.INFO: User 13 removed product {4} from their cart. [] []
[2025-05-16T00:02:14.348256+02:00] cart.INFO: User 13 added product {4} to their cart. [] []
[2025-05-16T00:02:15.991978+02:00] cart.INFO: User 13 added product {4} to their cart. [] []
[2025-05-16T00:04:35.799151+02:00] cart.INFO: User 13 added product {11} to their cart. [] []
[2025-05-16T02:43:53.935692+02:00] cart.INFO: User 13 added product {4} to their cart. [] []
[2025-05-16T02:43:57.025084+02:00] cart.INFO: User 13 added product {11} to their cart. [] []
[2025-05-16T02:47:58.282842+02:00] cart.INFO: User 13 added product {11} to their cart. [] []
[2025-05-16T02:47:59.797117+02:00] cart.INFO: User 13 added product {4} to their cart. [] []
[2025-05-16T02:48:02.370211+02:00] cart.INFO: User 13 increased the quantity of {11} in their cart by 1. [] []
[2025-05-16T02:48:02.737234+02:00] cart.INFO: User 13 increased the quantity of {11} in their cart by 1. [] []
[2025-05-16T02:48:02.895256+02:00] cart.INFO: User 13 increased the quantity of {11} in their cart by 1. [] []
[2025-05-16T02:48:03.399770+02:00] cart.INFO: User 13 decreased the quantity of {11} in their cart by 1. [] []
[2025-05-16T02:48:03.570745+02:00] cart.INFO: User 13 decreased the quantity of {11} in their cart by 1. [] []
[2025-05-16T02:48:03.726811+02:00] cart.INFO: User 13 decreased the quantity of {11} in their cart by 1. [] []
[2025-05-16T02:48:04.317863+02:00] cart.INFO: User 13 increased the quantity of {4} in their cart by 1. [] []
[2025-05-16T02:48:04.490195+02:00] cart.INFO: User 13 increased the quantity of {4} in their cart by 1. [] []
[2025-05-16T02:48:04.666309+02:00] cart.INFO: User 13 increased the quantity of {4} in their cart by 1. [] []
[2025-05-16T02:48:04.821749+02:00] cart.INFO: User 13 increased the quantity of {4} in their cart by 1. [] []
[2025-05-16T02:48:05.255320+02:00] cart.INFO: User 13 decreased the quantity of {4} in their cart by 1. [] []
[2025-05-16T02:48:05.447002+02:00] cart.INFO: User 13 decreased the quantity of {4} in their cart by 1. [] []
[2025-05-16T02:48:05.623219+02:00] cart.INFO: User 13 decreased the quantity of {4} in their cart by 1. [] []
[2025-05-16T02:48:05.787313+02:00] cart.INFO: User 13 decreased the quantity of {4} in their cart by 1. [] []
[2025-05-16T02:48:07.141211+02:00] cart.INFO: User 13 removed product {11} from their cart. [] []
[2025-05-16T05:00:16.685226+02:00] cart.INFO: User 13 added product {4} to their cart. [] []
[2025-05-16T05:00:18.095252+02:00] cart.INFO: User 13 added product {11} to their cart. [] []
[2025-05-16T05:00:19.550528+02:00] cart.INFO: User 13 added product {14} to their cart. [] []
[2025-05-16T05:02:20.893459+02:00] cart.INFO: User 13 added product {20} to their cart. [] []
[2025-05-16T05:02:22.958049+02:00] cart.INFO: User 13 added product {19} to their cart. [] []
[2025-05-16T05:02:25.247850+02:00] cart.INFO: User 13 added product {16} to their cart. [] []
[2025-05-16T05:02:26.842345+02:00] cart.INFO: User 13 added product {24} to their cart. [] []
[2025-05-16T05:02:28.453513+02:00] cart.INFO: User 13 added product {13} to their cart. [] []
[2025-05-16T05:43:06.700824+02:00] cart.INFO: User 13 removed product {4} from their cart. [] []
[2025-05-16T05:43:07.036578+02:00] cart.INFO: User 13 removed product {11} from their cart. [] []
[2025-05-16T05:43:07.426515+02:00] cart.INFO: User 13 removed product {14} from their cart. [] []
[2025-05-16T05:43:07.800534+02:00] cart.INFO: User 13 removed product {20} from their cart. [] []
[2025-05-16T05:45:06.990147+02:00] cart.INFO: User 13 added product {5} to their cart. [] []
[2025-05-16T05:45:10.123150+02:00] cart.INFO: User 13 added product {9} to their cart. [] []
[2025-05-16T05:45:15.350755+02:00] cart.INFO: User 13 added product {9} to their cart. [] []
[2025-05-16T05:45:22.766234+02:00] cart.INFO: User 13 added product {6} to their cart. [] []
[2025-05-16T05:45:35.325681+02:00] cart.INFO: User 13 removed product {24} from their cart. [] []
[2025-05-16T19:22:20.182984+02:00] cart.INFO: User 13 added product {4} to their cart. [] []
[2025-05-16T19:22:24.774521+02:00] cart.INFO: User 13 added product {11} to their cart. [] []
[2025-05-16T19:22:26.262028+02:00] cart.INFO: User 13 added product {14} to their cart. [] []
[2025-05-16T19:22:34.864473+02:00] cart.INFO: User 13 increased the quantity of {14} in their cart by 1. [] []
[2025-05-16T19:22:37.228721+02:00] cart.INFO: User 13 increased the quantity of {14} in their cart by 1. [] []
[2025-05-16T19:22:38.906424+02:00] cart.INFO: User 13 removed product {4} from their cart. [] []
[2025-05-16T19:22:39.785732+02:00] cart.INFO: User 13 removed product {9} from their cart. [] []
[2025-05-16T19:22:40.383210+02:00] cart.INFO: User 13 removed product {6} from their cart. [] []
[2025-05-16T19:22:41.628155+02:00] cart.INFO: User 13 removed product {11} from their cart. [] []
[2025-05-16T19:22:42.709669+02:00] cart.INFO: User 13 removed product {5} from their cart. [] []
[2025-05-16T19:22:44.841133+02:00] cart.INFO: User 13 increased the quantity of {13} in their cart by 1. [] []
[2025-05-16T19:22:45.015682+02:00] cart.INFO: User 13 increased the quantity of {13} in their cart by 1. [] []
[2025-05-16T19:22:45.182328+02:00] cart.INFO: User 13 increased the quantity of {13} in their cart by 1. [] []
[2025-05-16T19:22:45.331867+02:00] cart.INFO: User 13 increased the quantity of {13} in their cart by 1. [] []
[2025-05-16T19:22:45.480497+02:00] cart.INFO: User 13 increased the quantity of {13} in their cart by 1. [] []
[2025-05-16T19:22:45.634263+02:00] cart.INFO: User 13 increased the quantity of {13} in their cart by 1. [] []
[2025-05-16T19:22:45.895965+02:00] cart.INFO: User 13 increased the quantity of {13} in their cart by 1. [] []
[2025-05-16T19:22:46.062384+02:00] cart.INFO: User 13 increased the quantity of {13} in their cart by 1. [] []
[2025-05-16T19:22:46.214102+02:00] cart.INFO: User 13 increased the quantity of {13} in their cart by 1. [] []
[2025-05-16T19:22:46.369030+02:00] cart.INFO: User 13 increased the quantity of {13} in their cart by 1. [] []
[2025-05-16T19:22:46.536578+02:00] cart.INFO: User 13 increased the quantity of {13} in their cart by 1. [] []
[2025-05-16T19:22:46.671700+02:00] cart.INFO: User 13 increased the quantity of {13} in their cart by 1. [] []
[2025-05-16T19:22:53.013563+02:00] cart.INFO: User 13 increased the quantity of {13} in their cart by 1. [] []
[2025-05-16T19:22:53.181974+02:00] cart.INFO: User 13 increased the quantity of {13} in their cart by 1. [] []
[2025-05-16T19:22:53.328566+02:00] cart.INFO: User 13 increased the quantity of {13} in their cart by 1. [] []
[2025-05-16T19:22:53.465639+02:00] cart.INFO: User 13 increased the quantity of {13} in their cart by 1. [] []
[2025-05-16T19:22:53.628617+02:00] cart.INFO: User 13 increased the quantity of {13} in their cart by 1. [] []
[2025-05-16T19:22:53.761716+02:00] cart.INFO: User 13 increased the quantity of {13} in their cart by 1. [] []
[2025-05-16T19:22:53.918276+02:00] cart.INFO: User 13 increased the quantity of {13} in their cart by 1. [] []
[2025-05-16T19:22:54.063230+02:00] cart.INFO: User 13 increased the quantity of {13} in their cart by 1. [] []
[2025-05-16T19:22:54.243728+02:00] cart.INFO: User 13 increased the quantity of {13} in their cart by 1. [] []
[2025-05-16T19:22:54.390189+02:00] cart.INFO: User 13 increased the quantity of {13} in their cart by 1. [] []
