[2025-05-16T02:26:08.075066+02:00] login.INFO: User 13 loged out of their account [] []
[2025-05-16T02:26:08.077614+02:00] login.INFO: User  is attempting to log in [] []
[2025-05-16T02:31:27.895495+02:00] login.INFO: User  has correct credentials [] []
[2025-05-16T02:31:49.061765+02:00] login.INFO: User  has correct credentials [] []
[2025-05-16T02:32:53.506256+02:00] login.INFO: User 13 has correct credentials [] []
[2025-05-16T02:33:08.006163+02:00] login.INFO: User 13 has failed to log in due to 2fa [] []
[2025-05-16T02:33:15.054881+02:00] login.INFO: User 13 has correct credentials [] []
[2025-05-16T02:33:46.332688+02:00] login.INFO: User 13 has successfully loged in [] []
[2025-05-16T02:33:55.520118+02:00] login.INFO: User 13 loged out of their account [] []
[2025-05-16T02:34:04.480274+02:00] login.INFO: User 13 has correct credentials [] []
[2025-05-16T02:34:11.531823+02:00] login.INFO: User 13 has successfully loged in [] []
[2025-05-16T02:34:18.125634+02:00] login.INFO: User 13 loged out of their account [] []
[2025-05-16T02:35:02.772249+02:00] login.INFO: User 17 has correct credentials [] []
[2025-05-16T02:35:10.774580+02:00] login.INFO: User 17 has failed to log in due to 2fa [] []
[2025-05-16T02:35:16.347185+02:00] login.INFO: User 13 has correct credentials [] []
[2025-05-16T02:35:21.934545+02:00] login.INFO: User 13 has successfully loged in [] []
[2025-05-16T02:49:56.637092+02:00] login.INFO: User 13 loged out of their account [] []
[2025-05-16T02:52:26.778408+02:00] login.INFO: User 18 loged out of their account [] []
[2025-05-16T02:58:23.480047+02:00] login.INFO: User 22 has correct credentials [] []
[2025-05-16T03:02:03.097427+02:00] login.INFO: User 23 has correct credentials [] []
[2025-05-16T03:02:05.785930+02:00] login.INFO: User 23 has failed to log in due to 2fa [] []
[2025-05-16T03:06:45.590549+02:00] login.INFO: User 13 has correct credentials [] []
[2025-05-16T03:06:57.189447+02:00] login.INFO: User 13 has successfully loged in [] []
[2025-05-16T03:12:05.555311+02:00] login.INFO: User 13 loged out of their account [] []
[2025-05-16T03:31:24.073042+02:00] login.INFO: User 13 has correct credentials [] []
[2025-05-16T03:32:39.348106+02:00] login.INFO: User 13 has successfully loged in [] []
