[2025-05-16T03:07:06.225506+02:00] product.INFO: User 13 opened the products page on Dairy page [] []
[2025-05-16T03:07:16.474809+02:00] product.INFO: User 13 opened the products page on Bakery page [] []
[2025-05-16T03:07:17.806153+02:00] product.INFO: User 13 opened the products page on Fruit page [] []
[2025-05-16T03:07:18.453745+02:00] product.INFO: User 13 opened the products page on Meat page [] []
[2025-05-16T03:07:19.674879+02:00] product.INFO: User 13 opened the products page on Dairy page [] []
[2025-05-16T03:08:09.378504+02:00] product.INFO: User 13 opened the products page [] []
[2025-05-16T03:08:12.144945+02:00] product.INFO: User 13 opened the products page [] []
[2025-05-16T03:08:12.764063+02:00] product.INFO: User 13 opened the products page [] []
[2025-05-16T03:08:13.310627+02:00] product.INFO: User 13 opened the products page [] []
[2025-05-16T03:37:21.344917+02:00] product.INFO: User 13 opened the products page [] []
[2025-05-16T03:39:33.750911+02:00] product.INFO: User 13 opened the products page on Dairy page [] []
[2025-05-16T03:39:34.380651+02:00] product.INFO: User 13 opened the products page on Bakery page [] []
[2025-05-16T03:39:34.853462+02:00] product.INFO: User 13 opened the products page on Fruit page [] []
[2025-05-16T03:39:35.293450+02:00] product.INFO: User 13 opened the products page on Meat page [] []
[2025-05-16T03:39:35.858807+02:00] product.INFO: User 13 opened the products page on Dairy page [] []
[2025-05-16T04:57:53.459399+02:00] product.INFO: User 13 opened the products page [] []
[2025-05-16T05:00:15.642963+02:00] product.INFO: User 13 opened the products page [] []
[2025-05-16T05:02:19.554003+02:00] product.INFO: User 13 opened the products page [] []
[2025-05-16T05:48:26.454948+02:00] product.INFO: User 13 opened the products page on Bakery page [] []
[2025-05-16T05:48:29.242346+02:00] product.INFO: User 13 opened the products page on Dairy page [] []
[2025-05-16T05:48:29.948762+02:00] product.INFO: User 13 opened the products page on Bakery page [] []
[2025-05-16T05:48:30.522112+02:00] product.INFO: User 13 opened the products page on Fruit page [] []
[2025-05-16T05:48:31.005184+02:00] product.INFO: User 13 opened the products page on Meat page [] []
[2025-05-16T05:48:31.465426+02:00] product.INFO: User 13 opened the products page on Dairy page [] []
[2025-05-16T05:50:00.138690+02:00] product.INFO: User 13 opened the products page on Dairy page [] []
[2025-05-16T05:50:00.855852+02:00] product.INFO: User 13 opened the products page on Bakery page [] []
[2025-05-16T05:50:01.507890+02:00] product.INFO: User 13 opened the products page on Fruit page [] []
[2025-05-16T05:50:02.042769+02:00] product.INFO: User 13 opened the products page on Meat page [] []
[2025-05-16T05:50:02.732870+02:00] product.INFO: User 13 opened the products page [] []
[2025-05-16T05:50:03.811462+02:00] product.INFO: User 13 opened the products page on Dairy page [] []
[2025-05-16T05:50:04.892989+02:00] product.INFO: User 13 opened the products page [] []
[2025-05-16T06:33:39.522108+02:00] product.INFO: A guest opened the products page [] []
[2025-05-16T06:34:24.382785+02:00] product.INFO: A guest opened the products page on Meat page [] []
[2025-05-16T06:34:25.970748+02:00] product.INFO: A guest opened the products page on Meat page [] []
[2025-05-16T06:34:26.610708+02:00] product.INFO: A guest opened the products page on Fruit page [] []
[2025-05-16T06:34:27.216565+02:00] product.INFO: A guest opened the products page on Bakery page [] []
[2025-05-16T06:34:27.803973+02:00] product.INFO: A guest opened the products page on Dairy page [] []
[2025-05-16T06:34:28.550707+02:00] product.INFO: A guest opened the products page [] []
[2025-05-16T06:36:24.199108+02:00] product.INFO: A guest opened the products page [] []
[2025-05-16T06:36:28.846831+02:00] product.INFO: A guest opened the products page on Meat page [] []
[2025-05-16T06:36:30.904824+02:00] product.INFO: A guest opened the products page on Meat page [] []
[2025-05-16T06:36:32.538977+02:00] product.INFO: A guest opened the products page on Meat page [] []
[2025-05-16T06:36:35.376212+02:00] product.INFO: A guest opened the products page on Dairy page [] []
[2025-05-16T06:38:26.093380+02:00] product.INFO: A guest opened the products page on Bakery page [] []
[2025-05-16T06:38:31.154601+02:00] product.INFO: A guest opened the products page on Dairy page [] []
[2025-05-16T06:38:47.613148+02:00] product.INFO: A guest opened the products page on Fruit page [] []
[2025-05-16T06:38:54.786461+02:00] product.INFO: A guest opened the products page on Bakery page [] []
[2025-05-16T06:39:02.611815+02:00] product.INFO: A guest opened the products page on Dairy page [] []
[2025-05-16T06:39:33.475006+02:00] product.INFO: A guest opened the products page on Dairy page [] []
[2025-05-16T06:39:39.185216+02:00] product.INFO: A guest opened the products page on Meat page [] []
[2025-05-16T07:12:30.128088+02:00] product.INFO: A guest opened the products page on Meat page [] []
[2025-05-16T07:12:32.663185+02:00] product.INFO: A guest opened the products page [] []
[2025-05-16T07:13:33.618035+02:00] product.INFO: A guest opened the products page [] []
[2025-05-16T07:13:39.751739+02:00] product.INFO: A guest opened the products page on Fruit page [] []
[2025-05-16T07:13:40.227093+02:00] product.INFO: A guest opened the products page on Bakery page [] []
[2025-05-16T07:13:40.703738+02:00] product.INFO: A guest opened the products page on Dairy page [] []
[2025-05-16T07:13:43.461683+02:00] product.INFO: A guest opened the products page on Dairy page [] []
[2025-05-16T07:13:44.932133+02:00] product.INFO: A guest opened the products page on Dairy page [] []
[2025-05-16T07:13:46.226063+02:00] product.INFO: A guest opened the products page on Bakery page [] []
[2025-05-16T07:13:49.881403+02:00] product.INFO: A guest opened the products page on Fruit page [] []
[2025-05-16T07:13:51.602900+02:00] product.INFO: A guest opened the products page on Fruit page [] []
[2025-05-16T07:13:53.400192+02:00] product.INFO: A guest opened the products page on Meat page [] []
[2025-05-16T07:13:55.255553+02:00] product.INFO: A guest opened the products page on Meat page [] []
[2025-05-16T07:13:56.755521+02:00] product.INFO: A guest opened the products page on Meat page [] []
[2025-05-16T07:13:58.248728+02:00] product.INFO: A guest opened the products page [] []
[2025-05-16T07:15:16.960744+02:00] product.INFO: A guest opened the products page [] []
[2025-05-16T07:15:20.392898+02:00] product.INFO: A guest opened the products page [] []
[2025-05-16T07:15:23.055246+02:00] product.INFO: A guest opened the products page on Dairy page [] []
[2025-05-16T07:15:23.608287+02:00] product.INFO: A guest opened the products page on Bakery page [] []
[2025-05-16T07:15:24.346073+02:00] product.INFO: A guest opened the products page on Fruit page [] []
[2025-05-16T07:15:24.777781+02:00] product.INFO: A guest opened the products page on Meat page [] []
[2025-05-16T07:15:25.241961+02:00] product.INFO: A guest opened the products page [] []
[2025-05-16T07:15:26.545408+02:00] product.INFO: A guest opened the products page on Meat page [] []
[2025-05-16T07:15:27.617254+02:00] product.INFO: A guest opened the products page [] []
[2025-05-16T07:15:28.504118+02:00] product.INFO: A guest opened the products page on Meat page [] []
[2025-05-16T07:15:29.044719+02:00] product.INFO: A guest opened the products page [] []
[2025-05-16T07:15:29.515908+02:00] product.INFO: A guest opened the products page on Meat page [] []
[2025-05-16T07:15:30.587541+02:00] product.INFO: A guest opened the products page on Fruit page [] []
[2025-05-16T07:15:31.360010+02:00] product.INFO: A guest opened the products page on Bakery page [] []
[2025-05-16T07:15:31.778112+02:00] product.INFO: A guest opened the products page on Dairy page [] []
[2025-05-16T07:15:36.292494+02:00] product.INFO: A guest opened the products page [] []
[2025-05-16T07:17:14.738551+02:00] product.INFO: A guest opened the products page [] []
[2025-05-16T07:17:16.014571+02:00] product.INFO: A guest opened the products page on Dairy page [] []
[2025-05-16T07:17:17.001136+02:00] product.INFO: A guest opened the products page on Bakery page [] []
[2025-05-16T07:17:17.751277+02:00] product.INFO: A guest opened the products page on Fruit page [] []
[2025-05-16T07:17:18.350683+02:00] product.INFO: A guest opened the products page on Meat page [] []
[2025-05-16T07:17:20.634312+02:00] product.INFO: A guest opened the products page on Fruit page [] []
[2025-05-16T07:17:21.006539+02:00] product.INFO: A guest opened the products page on Bakery page [] []
[2025-05-16T07:17:21.333120+02:00] product.INFO: A guest opened the products page on Dairy page [] []
[2025-05-16T07:17:22.459228+02:00] product.INFO: A guest opened the products page [] []
[2025-05-16T07:19:07.371605+02:00] product.INFO: A guest opened the products page [] []
[2025-05-16T07:19:08.348968+02:00] product.INFO: A guest opened the products page on Meat page [] []
[2025-05-16T07:19:45.697848+02:00] product.INFO: A guest opened the products page [] []
[2025-05-16T07:19:47.297650+02:00] product.INFO: A guest opened the products page [] []
[2025-05-16T07:19:48.654031+02:00] product.INFO: A guest opened the products page on Meat page [] []
[2025-05-16T07:20:01.144306+02:00] product.INFO: A guest opened the products page on Meat page [] []
[2025-05-16T07:20:36.487333+02:00] product.INFO: A guest opened the products page [] []
[2025-05-16T07:23:58.024026+02:00] product.INFO: A guest opened the products page [] []
[2025-05-16T07:23:59.067225+02:00] product.INFO: A guest opened the products page on Dairy page [] []
[2025-05-16T07:24:52.479004+02:00] product.INFO: A guest opened the products page [] []
[2025-05-16T07:24:53.650069+02:00] product.INFO: A guest opened the products page on Dairy page [] []
[2025-05-16T07:25:34.972854+02:00] product.INFO: A guest opened the products page [] []
[2025-05-16T07:25:36.124618+02:00] product.INFO: A guest opened the products page on Dairy page [] []
[2025-05-16T07:27:10.814827+02:00] product.INFO: A guest opened the products page on Dairy page [] []
[2025-05-16T07:27:28.833570+02:00] product.INFO: A guest opened the products page [] []
[2025-05-16T07:27:30.742094+02:00] product.INFO: A guest opened the products page on Dairy page [] []
[2025-05-16T07:27:31.971859+02:00] product.INFO: A guest opened the products page [] []
[2025-05-16T07:27:37.570480+02:00] product.INFO: A guest opened the products page [] []
[2025-05-16T07:27:48.135093+02:00] product.INFO: A guest opened the products page [] []
[2025-05-16T07:27:49.316497+02:00] product.INFO: A guest opened the products page on Meat page [] []
[2025-05-16T07:27:50.337336+02:00] product.INFO: A guest opened the products page [] []
[2025-05-16T07:27:52.469200+02:00] product.INFO: A guest opened the products page on Meat page [] []
[2025-05-16T07:27:53.256067+02:00] product.INFO: A guest opened the products page [] []
[2025-05-16T07:27:56.808853+02:00] product.INFO: A guest opened the products page [] []
[2025-05-16T07:27:57.462414+02:00] product.INFO: A guest opened the products page [] []
[2025-05-16T07:27:57.877464+02:00] product.INFO: A guest opened the products page [] []
[2025-05-16T07:28:29.169953+02:00] product.INFO: A guest opened the products page [] []
[2025-05-16T07:28:30.002878+02:00] product.INFO: A guest opened the products page [] []
[2025-05-16T07:28:30.836810+02:00] product.INFO: A guest opened the products page on Meat page [] []
[2025-05-16T07:28:31.448292+02:00] product.INFO: A guest opened the products page [] []
[2025-05-16T07:28:41.123533+02:00] product.INFO: A guest opened the products page [] []
[2025-05-16T07:28:42.905128+02:00] product.INFO: A guest opened the products page on Fruit page [] []
[2025-05-16T07:28:51.137072+02:00] product.INFO: A guest opened the products page on Dairy page [] []
[2025-05-16T07:28:51.756662+02:00] product.INFO: A guest opened the products page on Bakery page [] []
[2025-05-16T07:28:52.267452+02:00] product.INFO: A guest opened the products page on Fruit page [] []
[2025-05-16T07:28:52.759469+02:00] product.INFO: A guest opened the products page on Meat page [] []
[2025-05-16T07:28:53.301632+02:00] product.INFO: A guest opened the products page on Dairy page [] []
[2025-05-16T07:29:52.126315+02:00] product.INFO: A guest opened the products page [] []
[2025-05-16T07:29:53.529532+02:00] product.INFO: A guest opened the products page [] []
[2025-05-16T07:29:55.761785+02:00] product.INFO: A guest opened the products page on Meat page [] []
[2025-05-16T07:31:16.812362+02:00] product.INFO: A guest opened the products page on Meat page [] []
[2025-05-16T07:31:18.283142+02:00] product.INFO: A guest opened the products page [] []
[2025-05-16T07:31:19.476967+02:00] product.INFO: A guest opened the products page on Meat page [] []
[2025-05-16T07:31:23.261146+02:00] product.INFO: A guest opened the products page [] []
[2025-05-16T07:31:27.794053+02:00] product.INFO: A guest opened the products page [] []
[2025-05-16T07:32:13.847669+02:00] product.INFO: A guest opened the products page [] []
[2025-05-16T07:32:15.730533+02:00] product.INFO: A guest opened the products page on Vegetable page [] []
[2025-05-16T07:32:19.197933+02:00] product.INFO: A guest opened the products page on Meat page [] []
[2025-05-16T07:32:20.012645+02:00] product.INFO: A guest opened the products page on Dairy page [] []
[2025-05-16T07:32:36.211579+02:00] product.INFO: A guest opened the products page [] []
[2025-05-16T07:32:37.247399+02:00] product.INFO: A guest opened the products page on Meat page [] []
[2025-05-16T07:32:38.344502+02:00] product.INFO: A guest opened the products page [] []
[2025-05-16T07:32:39.579861+02:00] product.INFO: A guest opened the products page on Meat page [] []
[2025-05-16T07:32:40.399713+02:00] product.INFO: A guest opened the products page [] []
[2025-05-16T07:32:42.772451+02:00] product.INFO: A guest opened the products page [] []
[2025-05-16T07:32:43.589665+02:00] product.INFO: A guest opened the products page on Meat page [] []
[2025-05-16T07:32:44.127642+02:00] product.INFO: A guest opened the products page [] []
[2025-05-16T07:40:31.336933+02:00] product.INFO: A guest opened the products page [] []
[2025-05-16T07:40:37.125353+02:00] product.INFO: A guest opened the products page [] []
[2025-05-16T07:40:38.196155+02:00] product.INFO: A guest opened the products page on Meat page [] []
[2025-05-16T07:40:39.213063+02:00] product.INFO: A guest opened the products page [] []
[2025-05-16T07:41:13.092275+02:00] product.INFO: A guest opened the products page [] []
[2025-05-16T07:41:14.703932+02:00] product.INFO: A guest opened the products page [] []
[2025-05-16T07:41:16.291502+02:00] product.INFO: A guest opened the products page [] []
[2025-05-16T07:42:01.211769+02:00] product.INFO: A guest opened the products page [] []
[2025-05-16T07:42:02.531175+02:00] product.INFO: A guest opened the products page on Meat page [] []
[2025-05-16T07:42:03.392448+02:00] product.INFO: A guest opened the products page [] []
[2025-05-16T07:42:06.486473+02:00] product.INFO: A guest opened the products page [] []
[2025-05-16T07:42:23.168531+02:00] product.INFO: A guest opened the products page [] []
[2025-05-16T07:42:25.951317+02:00] product.INFO: A guest opened the products page [] []
[2025-05-16T07:42:26.861589+02:00] product.INFO: A guest opened the products page [] []
[2025-05-16T07:42:27.976515+02:00] product.INFO: A guest opened the products page [] []
[2025-05-16T07:42:29.443373+02:00] product.INFO: A guest opened the products page on Meat page [] []
[2025-05-16T07:42:30.245508+02:00] product.INFO: A guest opened the products page [] []
[2025-05-16T07:42:30.308003+02:00] product.INFO: A guest opened the products page [] []
[2025-05-16T07:42:51.688457+02:00] product.INFO: A guest opened the products page [] []
[2025-05-16T07:42:51.750359+02:00] product.INFO: A guest opened the products page [] []
[2025-05-16T07:42:53.527858+02:00] product.INFO: A guest opened the products page on Meat page [] []
[2025-05-16T07:42:53.604459+02:00] product.INFO: A guest opened the products page [] []
[2025-05-16T07:42:54.207076+02:00] product.INFO: A guest opened the products page [] []
[2025-05-16T07:42:54.264050+02:00] product.INFO: A guest opened the products page [] []
[2025-05-16T07:43:06.142089+02:00] product.INFO: A guest opened the products page [] []
[2025-05-16T07:43:06.198367+02:00] product.INFO: A guest opened the products page [] []
[2025-05-16T07:43:07.939753+02:00] product.INFO: A guest opened the products page on Fruit page [] []
[2025-05-16T07:43:08.019143+02:00] product.INFO: A guest opened the products page [] []
[2025-05-16T07:43:08.673949+02:00] product.INFO: A guest opened the products page [] []
[2025-05-16T07:43:08.730076+02:00] product.INFO: A guest opened the products page [] []
[2025-05-16T07:43:11.860016+02:00] product.INFO: A guest opened the products page [] []
[2025-05-16T07:43:11.939895+02:00] product.INFO: A guest opened the products page [] []
[2025-05-16T07:43:13.388601+02:00] product.INFO: A guest opened the products page [] []
[2025-05-16T07:43:13.439972+02:00] product.INFO: A guest opened the products page [] []
[2025-05-16T07:43:14.480355+02:00] product.INFO: A guest opened the products page on Meat page [] []
[2025-05-16T07:43:14.525523+02:00] product.INFO: A guest opened the products page [] []
[2025-05-16T07:43:15.362770+02:00] product.INFO: A guest opened the products page [] []
[2025-05-16T07:43:15.443663+02:00] product.INFO: A guest opened the products page [] []
[2025-05-16T07:45:08.813303+02:00] product.INFO: A guest opened the products page [] []
[2025-05-16T07:45:08.873516+02:00] product.INFO: A guest opened the products page [] []
[2025-05-16T07:45:10.555399+02:00] product.INFO: A guest opened the products page on Meat page [] []
[2025-05-16T07:45:10.602758+02:00] product.INFO: A guest opened the products page [] []
[2025-05-16T07:45:11.380833+02:00] product.INFO: A guest opened the products page [] []
[2025-05-16T07:45:11.459804+02:00] product.INFO: A guest opened the products page [] []
[2025-05-16T07:45:12.822806+02:00] product.INFO: A guest opened the products page [] []
[2025-05-16T07:45:12.876712+02:00] product.INFO: A guest opened the products page [] []
[2025-05-16T07:45:24.329502+02:00] product.INFO: A guest opened the products page [] []
[2025-05-16T07:45:24.395415+02:00] product.INFO: A guest opened the products page [] []
[2025-05-16T07:45:26.026861+02:00] product.INFO: A guest opened the products page [] []
[2025-05-16T07:45:26.079560+02:00] product.INFO: A guest opened the products page [] []
[2025-05-16T07:45:26.755363+02:00] product.INFO: A guest opened the products page on Meat page [] []
[2025-05-16T07:45:26.805831+02:00] product.INFO: A guest opened the products page [] []
[2025-05-16T07:45:27.795856+02:00] product.INFO: A guest opened the products page [] []
[2025-05-16T07:45:27.873881+02:00] product.INFO: A guest opened the products page [] []
[2025-05-16T07:45:29.329720+02:00] product.INFO: A guest opened the products page on Fruit page [] []
[2025-05-16T07:45:29.378217+02:00] product.INFO: A guest opened the products page [] []
[2025-05-16T07:45:30.481204+02:00] product.INFO: A guest opened the products page [] []
[2025-05-16T07:45:30.577539+02:00] product.INFO: A guest opened the products page [] []
[2025-05-16T07:45:32.285604+02:00] product.INFO: A guest opened the products page [] []
[2025-05-16T07:45:32.363552+02:00] product.INFO: A guest opened the products page [] []
[2025-05-16T07:45:33.238739+02:00] product.INFO: A guest opened the products page [] []
[2025-05-16T07:45:33.311961+02:00] product.INFO: A guest opened the products page [] []
[2025-05-16T07:45:33.853398+02:00] product.INFO: A guest opened the products page [] []
[2025-05-16T07:45:33.921795+02:00] product.INFO: A guest opened the products page [] []
[2025-05-16T07:45:34.436539+02:00] product.INFO: A guest opened the products page [] []
[2025-05-16T07:45:34.514610+02:00] product.INFO: A guest opened the products page [] []
[2025-05-16T07:45:34.992322+02:00] product.INFO: A guest opened the products page [] []
[2025-05-16T07:45:35.061280+02:00] product.INFO: A guest opened the products page [] []
[2025-05-16T07:45:37.344176+02:00] product.INFO: A guest opened the products page [] []
[2025-05-16T07:45:37.418250+02:00] product.INFO: A guest opened the products page [] []
[2025-05-16T07:45:39.908476+02:00] product.INFO: A guest opened the products page [] []
[2025-05-16T07:45:39.982921+02:00] product.INFO: A guest opened the products page [] []
[2025-05-16T07:45:40.718920+02:00] product.INFO: A guest opened the products page [] []
[2025-05-16T07:45:40.813589+02:00] product.INFO: A guest opened the products page [] []
[2025-05-16T07:45:41.524237+02:00] product.INFO: A guest opened the products page [] []
[2025-05-16T07:45:41.583797+02:00] product.INFO: A guest opened the products page [] []
[2025-05-16T07:45:42.805078+02:00] product.INFO: A guest opened the products page [] []
[2025-05-16T07:45:42.898267+02:00] product.INFO: A guest opened the products page [] []
[2025-05-16T07:45:43.509409+02:00] product.INFO: A guest opened the products page [] []
[2025-05-16T07:45:43.579582+02:00] product.INFO: A guest opened the products page [] []
[2025-05-16T07:45:44.023376+02:00] product.INFO: A guest opened the products page [] []
[2025-05-16T07:45:44.119008+02:00] product.INFO: A guest opened the products page [] []
[2025-05-16T07:45:44.849351+02:00] product.INFO: A guest opened the products page [] []
[2025-05-16T07:45:44.931388+02:00] product.INFO: A guest opened the products page [] []
[2025-05-16T07:45:45.291016+02:00] product.INFO: A guest opened the products page [] []
[2025-05-16T07:45:45.384222+02:00] product.INFO: A guest opened the products page [] []
[2025-05-16T07:45:45.855797+02:00] product.INFO: A guest opened the products page [] []
[2025-05-16T07:45:45.925845+02:00] product.INFO: A guest opened the products page [] []
[2025-05-16T07:45:46.421478+02:00] product.INFO: A guest opened the products page [] []
[2025-05-16T07:45:46.509004+02:00] product.INFO: A guest opened the products page [] []
[2025-05-16T07:45:46.902967+02:00] product.INFO: A guest opened the products page [] []
[2025-05-16T07:45:46.982877+02:00] product.INFO: A guest opened the products page [] []
[2025-05-16T07:45:47.386076+02:00] product.INFO: A guest opened the products page [] []
[2025-05-16T07:45:47.484512+02:00] product.INFO: A guest opened the products page [] []
[2025-05-16T07:45:48.581901+02:00] product.INFO: A guest opened the products page [] []
[2025-05-16T07:45:48.647543+02:00] product.INFO: A guest opened the products page [] []
[2025-05-16T07:45:49.008812+02:00] product.INFO: A guest opened the products page [] []
[2025-05-16T07:45:49.108105+02:00] product.INFO: A guest opened the products page [] []
[2025-05-16T07:45:49.696047+02:00] product.INFO: A guest opened the products page [] []
[2025-05-16T07:45:49.775003+02:00] product.INFO: A guest opened the products page [] []
[2025-05-16T07:45:50.986576+02:00] product.INFO: A guest opened the products page [] []
[2025-05-16T07:45:51.089881+02:00] product.INFO: A guest opened the products page [] []
[2025-05-16T07:45:52.270547+02:00] product.INFO: A guest opened the products page [] []
[2025-05-16T07:45:52.353467+02:00] product.INFO: A guest opened the products page [] []
[2025-05-16T07:45:52.648589+02:00] product.INFO: A guest opened the products page [] []
[2025-05-16T07:45:52.720986+02:00] product.INFO: A guest opened the products page [] []
[2025-05-16T07:45:53.165542+02:00] product.INFO: A guest opened the products page on Dairy page [] []
[2025-05-16T07:45:53.214018+02:00] product.INFO: A guest opened the products page [] []
[2025-05-16T07:45:53.877504+02:00] product.INFO: A guest opened the products page on Bakery page [] []
[2025-05-16T07:45:53.951076+02:00] product.INFO: A guest opened the products page [] []
[2025-05-16T07:45:54.481559+02:00] product.INFO: A guest opened the products page on Fruit page [] []
[2025-05-16T07:45:54.536045+02:00] product.INFO: A guest opened the products page [] []
[2025-05-16T07:45:54.995419+02:00] product.INFO: A guest opened the products page on Meat page [] []
[2025-05-16T07:45:55.069318+02:00] product.INFO: A guest opened the products page [] []
[2025-05-16T07:45:56.305106+02:00] product.INFO: A guest opened the products page [] []
[2025-05-16T07:45:56.360973+02:00] product.INFO: A guest opened the products page [] []
[2025-05-16T07:46:08.610195+02:00] product.INFO: A guest opened the products page [] []
[2025-05-16T07:46:09.599319+02:00] product.INFO: A guest opened the products page on Meat page [] []
[2025-05-16T07:46:10.215592+02:00] product.INFO: A guest opened the products page on Fruit page [] []
[2025-05-16T07:46:10.660100+02:00] product.INFO: A guest opened the products page on Meat page [] []
[2025-05-16T07:46:11.116656+02:00] product.INFO: A guest opened the products page on Bakery page [] []
[2025-05-16T07:46:11.598222+02:00] product.INFO: A guest opened the products page on Dairy page [] []
[2025-05-16T07:46:16.178785+02:00] product.INFO: A guest opened the products page [] []
[2025-05-16T07:46:18.358277+02:00] product.INFO: A guest opened the products page on Fruit page [] []
[2025-05-16T07:46:19.000096+02:00] product.INFO: A guest opened the products page [] []
[2025-05-16T07:46:19.061209+02:00] product.INFO: A guest opened the products page [] []
[2025-05-16T07:46:22.287254+02:00] product.INFO: A guest opened the products page on Fruit page [] []
[2025-05-16T07:46:22.365878+02:00] product.INFO: A guest opened the products page [] []
[2025-05-16T07:46:23.312569+02:00] product.INFO: A guest opened the products page [] []
[2025-05-16T07:46:23.367623+02:00] product.INFO: A guest opened the products page [] []
[2025-05-16T07:46:29.618286+02:00] product.INFO: A guest opened the products page [] []
[2025-05-16T07:46:29.696811+02:00] product.INFO: A guest opened the products page [] []
[2025-05-16T07:46:30.893480+02:00] product.INFO: A guest opened the products page [] []
[2025-05-16T07:46:30.968452+02:00] product.INFO: A guest opened the products page [] []
[2025-05-16T07:46:31.397012+02:00] product.INFO: A guest opened the products page [] []
[2025-05-16T07:46:31.470958+02:00] product.INFO: A guest opened the products page [] []
[2025-05-16T07:46:32.006004+02:00] product.INFO: A guest opened the products page [] []
[2025-05-16T07:46:32.077528+02:00] product.INFO: A guest opened the products page [] []
[2025-05-16T07:46:32.545281+02:00] product.INFO: A guest opened the products page [] []
[2025-05-16T07:46:32.624629+02:00] product.INFO: A guest opened the products page [] []
[2025-05-16T07:46:33.193345+02:00] product.INFO: A guest opened the products page [] []
[2025-05-16T07:46:33.263663+02:00] product.INFO: A guest opened the products page [] []
[2025-05-16T07:46:34.511394+02:00] product.INFO: A guest opened the products page on Meat page [] []
[2025-05-16T07:46:34.588986+02:00] product.INFO: A guest opened the products page [] []
[2025-05-16T07:46:35.379049+02:00] product.INFO: A guest opened the products page [] []
[2025-05-16T07:46:35.450535+02:00] product.INFO: A guest opened the products page [] []
[2025-05-16T07:46:36.058847+02:00] product.INFO: A guest opened the products page [] []
[2025-05-16T07:46:36.132888+02:00] product.INFO: A guest opened the products page [] []
[2025-05-16T07:46:37.178453+02:00] product.INFO: A guest opened the products page [] []
[2025-05-16T07:46:37.272149+02:00] product.INFO: A guest opened the products page [] []
[2025-05-16T07:46:49.403898+02:00] product.INFO: A guest opened the products page on Dairy page [] []
[2025-05-16T07:46:49.454101+02:00] product.INFO: A guest opened the products page [] []
[2025-05-16T07:46:51.070401+02:00] product.INFO: A guest opened the products page [] []
[2025-05-16T07:46:51.151129+02:00] product.INFO: A guest opened the products page [] []
[2025-05-16T07:46:53.767233+02:00] product.INFO: A guest opened the products page [] []
[2025-05-16T07:46:53.822259+02:00] product.INFO: A guest opened the products page [] []
[2025-05-16T07:46:54.422802+02:00] product.INFO: A guest opened the products page [] []
[2025-05-16T07:46:54.492284+02:00] product.INFO: A guest opened the products page [] []
[2025-05-16T07:46:54.820565+02:00] product.INFO: A guest opened the products page [] []
[2025-05-16T07:46:54.894729+02:00] product.INFO: A guest opened the products page [] []
[2025-05-16T07:46:55.135618+02:00] product.INFO: A guest opened the products page [] []
[2025-05-16T07:46:55.208304+02:00] product.INFO: A guest opened the products page [] []
[2025-05-16T07:46:55.402769+02:00] product.INFO: A guest opened the products page [] []
[2025-05-16T07:46:55.473972+02:00] product.INFO: A guest opened the products page [] []
[2025-05-16T07:46:55.802950+02:00] product.INFO: A guest opened the products page [] []
[2025-05-16T07:46:55.882522+02:00] product.INFO: A guest opened the products page [] []
[2025-05-16T07:46:56.175607+02:00] product.INFO: A guest opened the products page [] []
[2025-05-16T07:46:56.246865+02:00] product.INFO: A guest opened the products page [] []
[2025-05-16T07:46:56.541862+02:00] product.INFO: A guest opened the products page [] []
[2025-05-16T07:46:56.597369+02:00] product.INFO: A guest opened the products page [] []
[2025-05-16T07:46:57.591080+02:00] product.INFO: A guest opened the products page [] []
[2025-05-16T07:46:57.646603+02:00] product.INFO: A guest opened the products page [] []
[2025-05-16T07:46:58.571440+02:00] product.INFO: A guest opened the products page [] []
[2025-05-16T07:47:00.716816+02:00] product.INFO: A guest opened the products page [] []
[2025-05-16T07:47:01.900156+02:00] product.INFO: A guest opened the products page on Meat page [] []
[2025-05-16T07:47:02.639629+02:00] product.INFO: A guest opened the products page [] []
[2025-05-16T07:47:02.719482+02:00] product.INFO: A guest opened the products page [] []
[2025-05-16T07:47:06.248934+02:00] product.INFO: A guest opened the products page [] []
[2025-05-16T07:47:06.302442+02:00] product.INFO: A guest opened the products page [] []
[2025-05-16T07:47:07.353402+02:00] product.INFO: A guest opened the products page [] []
[2025-05-16T07:47:07.423881+02:00] product.INFO: A guest opened the products page [] []
[2025-05-16T07:47:25.479516+02:00] product.INFO: A guest opened the products page [] []
[2025-05-16T07:47:25.561686+02:00] product.INFO: A guest opened the products page [] []
[2025-05-16T07:47:26.240982+02:00] product.INFO: A guest opened the products page [] []
[2025-05-16T07:47:26.312019+02:00] product.INFO: A guest opened the products page [] []
[2025-05-16T07:47:27.338642+02:00] product.INFO: A guest opened the products page [] []
[2025-05-16T07:47:27.422511+02:00] product.INFO: A guest opened the products page [] []
[2025-05-16T07:47:27.939348+02:00] product.INFO: A guest opened the products page [] []
[2025-05-16T07:47:28.016983+02:00] product.INFO: A guest opened the products page [] []
[2025-05-16T07:47:28.203115+02:00] product.INFO: A guest opened the products page [] []
[2025-05-16T07:47:28.281803+02:00] product.INFO: A guest opened the products page [] []
[2025-05-16T07:47:28.569138+02:00] product.INFO: A guest opened the products page [] []
[2025-05-16T07:47:28.665184+02:00] product.INFO: A guest opened the products page [] []
[2025-05-16T07:47:28.979159+02:00] product.INFO: A guest opened the products page [] []
[2025-05-16T07:47:29.048640+02:00] product.INFO: A guest opened the products page [] []
[2025-05-16T07:47:29.380144+02:00] product.INFO: A guest opened the products page [] []
[2025-05-16T07:47:29.480251+02:00] product.INFO: A guest opened the products page [] []
[2025-05-16T07:47:30.195317+02:00] product.INFO: A guest opened the products page [] []
[2025-05-16T07:47:30.252699+02:00] product.INFO: A guest opened the products page [] []
[2025-05-16T07:47:30.672331+02:00] product.INFO: A guest opened the products page [] []
[2025-05-16T07:47:30.768028+02:00] product.INFO: A guest opened the products page [] []
[2025-05-16T07:47:31.267450+02:00] product.INFO: A guest opened the products page [] []
[2025-05-16T07:47:31.320914+02:00] product.INFO: A guest opened the products page [] []
[2025-05-16T07:47:31.850711+02:00] product.INFO: A guest opened the products page [] []
[2025-05-16T07:47:31.933110+02:00] product.INFO: A guest opened the products page [] []
[2025-05-16T07:47:32.392450+02:00] product.INFO: A guest opened the products page [] []
[2025-05-16T07:47:32.464683+02:00] product.INFO: A guest opened the products page [] []
[2025-05-16T07:47:32.881111+02:00] product.INFO: A guest opened the products page [] []
[2025-05-16T07:47:32.974672+02:00] product.INFO: A guest opened the products page [] []
[2025-05-16T07:47:33.478123+02:00] product.INFO: A guest opened the products page [] []
[2025-05-16T07:47:33.557326+02:00] product.INFO: A guest opened the products page [] []
[2025-05-16T07:47:34.075473+02:00] product.INFO: A guest opened the products page [] []
[2025-05-16T07:47:34.176565+02:00] product.INFO: A guest opened the products page [] []
[2025-05-16T07:47:34.698380+02:00] product.INFO: A guest opened the products page [] []
[2025-05-16T07:47:34.759156+02:00] product.INFO: A guest opened the products page [] []
[2025-05-16T07:47:35.631764+02:00] product.INFO: A guest opened the products page [] []
[2025-05-16T07:47:35.733920+02:00] product.INFO: A guest opened the products page [] []
[2025-05-16T07:47:36.059404+02:00] product.INFO: A guest opened the products page [] []
[2025-05-16T07:47:36.134638+02:00] product.INFO: A guest opened the products page [] []
[2025-05-16T07:47:36.493485+02:00] product.INFO: A guest opened the products page [] []
[2025-05-16T07:47:36.594807+02:00] product.INFO: A guest opened the products page [] []
[2025-05-16T07:47:36.903332+02:00] product.INFO: A guest opened the products page [] []
[2025-05-16T07:47:36.964409+02:00] product.INFO: A guest opened the products page [] []
[2025-05-16T07:47:37.314918+02:00] product.INFO: A guest opened the products page [] []
[2025-05-16T07:47:37.415565+02:00] product.INFO: A guest opened the products page [] []
[2025-05-16T07:47:37.720314+02:00] product.INFO: A guest opened the products page [] []
[2025-05-16T07:47:37.801356+02:00] product.INFO: A guest opened the products page [] []
[2025-05-16T07:47:38.111368+02:00] product.INFO: A guest opened the products page [] []
[2025-05-16T07:47:38.216123+02:00] product.INFO: A guest opened the products page [] []
[2025-05-16T07:47:38.964846+02:00] product.INFO: A guest opened the products page [] []
[2025-05-16T07:47:39.029222+02:00] product.INFO: A guest opened the products page [] []
[2025-05-16T07:47:39.493969+02:00] product.INFO: A guest opened the products page [] []
[2025-05-16T07:47:39.588961+02:00] product.INFO: A guest opened the products page [] []
[2025-05-16T07:47:39.897347+02:00] product.INFO: A guest opened the products page [] []
[2025-05-16T07:47:39.993251+02:00] product.INFO: A guest opened the products page [] []
[2025-05-16T07:47:40.456994+02:00] product.INFO: A guest opened the products page [] []
[2025-05-16T07:47:40.566802+02:00] product.INFO: A guest opened the products page [] []
[2025-05-16T08:20:03.934267+02:00] product.INFO: A guest opened the products page [] []
[2025-05-16T08:20:09.488335+02:00] product.INFO: A guest opened the products page [] []
[2025-05-16T08:20:10.844328+02:00] product.INFO: A guest opened the products page [] []
[2025-05-16T08:20:11.562901+02:00] product.INFO: A guest opened the products page [] []
[2025-05-16T08:20:12.168528+02:00] product.INFO: A guest opened the products page [] []
[2025-05-16T08:20:12.704208+02:00] product.INFO: A guest opened the products page [] []
[2025-05-16T08:20:13.221133+02:00] product.INFO: A guest opened the products page [] []
[2025-05-16T08:20:13.963713+02:00] product.INFO: A guest opened the products page [] []
[2025-05-16T08:21:42.209458+02:00] product.INFO: A guest opened the products page [] []
[2025-05-16T08:21:42.677262+02:00] product.INFO: A guest opened the products page [] []
[2025-05-16T08:21:43.099970+02:00] product.INFO: A guest opened the products page [] []
[2025-05-16T08:21:43.557976+02:00] product.INFO: A guest opened the products page [] []
[2025-05-16T08:22:48.480329+02:00] product.INFO: A guest opened the products page [] []
[2025-05-16T08:22:52.673914+02:00] product.INFO: A guest opened the products page [] []
[2025-05-16T08:22:53.471694+02:00] product.INFO: A guest opened the products page [] []
[2025-05-16T08:22:56.083895+02:00] product.INFO: A guest opened the products page [] []
[2025-05-16T08:23:00.136562+02:00] product.INFO: A guest opened the products page [] []
[2025-05-16T08:23:56.584054+02:00] product.INFO: A guest opened the products page [] []
[2025-05-16T08:24:12.134397+02:00] product.INFO: A guest opened the products page [] []
[2025-05-16T08:24:24.650535+02:00] product.INFO: A guest opened the products page [] []
[2025-05-16T08:31:17.462745+02:00] product.INFO: A guest opened the products page [] []
[2025-05-16T08:31:19.580441+02:00] product.INFO: A guest opened the products page [] []
[2025-05-16T08:38:48.716792+02:00] product.INFO: A guest opened the products page [] []
[2025-05-16T08:39:23.337050+02:00] product.INFO: A guest opened the products page on Bakery page [] []
[2025-05-16T08:39:24.363754+02:00] product.INFO: A guest opened the products page on Dairy page [] []
[2025-05-16T08:39:25.168700+02:00] product.INFO: A guest opened the products page [] []
[2025-05-16T08:39:25.288335+02:00] product.INFO: A guest opened the products page [] []
[2025-05-16T08:40:08.445282+02:00] product.INFO: A guest opened the products page [] []
[2025-05-16T08:40:08.506804+02:00] product.INFO: A guest opened the products page [] []
[2025-05-16T08:40:18.510747+02:00] product.INFO: A guest opened the products page [] []
[2025-05-16T08:40:18.575962+02:00] product.INFO: A guest opened the products page [] []
[2025-05-16T08:40:21.438863+02:00] product.INFO: A guest opened the products page on Dairy page [] []
[2025-05-16T08:40:21.519856+02:00] product.INFO: A guest opened the products page [] []
[2025-05-16T08:40:22.147972+02:00] product.INFO: A guest opened the products page on Bakery page [] []
[2025-05-16T08:40:22.200373+02:00] product.INFO: A guest opened the products page [] []
[2025-05-16T08:40:22.615531+02:00] product.INFO: A guest opened the products page on Fruit page [] []
[2025-05-16T08:40:22.693114+02:00] product.INFO: A guest opened the products page [] []
[2025-05-16T08:40:23.287408+02:00] product.INFO: A guest opened the products page on Meat page [] []
[2025-05-16T08:40:23.338982+02:00] product.INFO: A guest opened the products page [] []
[2025-05-16T08:40:23.769439+02:00] product.INFO: A guest opened the products page [] []
[2025-05-16T08:40:23.902616+02:00] product.INFO: A guest opened the products page [] []
[2025-05-16T08:40:24.770967+02:00] product.INFO: A guest opened the products page on Dairy page [] []
[2025-05-16T08:40:24.824807+02:00] product.INFO: A guest opened the products page [] []
[2025-05-16T08:42:15.021562+02:00] product.INFO: A guest opened the products page [] []
[2025-05-16T08:42:15.122053+02:00] product.INFO: A guest opened the products page [] []
[2025-05-16T08:42:22.703960+02:00] product.INFO: A guest opened the products page on Meat page [] []
[2025-05-16T08:42:22.780901+02:00] product.INFO: A guest opened the products page [] []
[2025-05-16T08:42:23.505244+02:00] product.INFO: A guest opened the products page [] []
[2025-05-16T08:42:23.563946+02:00] product.INFO: A guest opened the products page [] []
[2025-05-16T08:42:29.546256+02:00] product.INFO: A guest opened the products page [] []
[2025-05-16T08:42:29.672688+02:00] product.INFO: A guest opened the products page [] []
[2025-05-16T08:42:32.715246+02:00] product.INFO: A guest opened the products page [] []
[2025-05-16T08:42:32.775145+02:00] product.INFO: A guest opened the products page [] []
[2025-05-16T08:42:33.723207+02:00] product.INFO: A guest opened the products page [] []
[2025-05-16T08:42:33.780686+02:00] product.INFO: A guest opened the products page [] []
[2025-05-16T08:42:35.748492+02:00] product.INFO: A guest opened the products page [] []
[2025-05-16T08:42:35.883083+02:00] product.INFO: A guest opened the products page [] []
[2025-05-16T08:42:36.771876+02:00] product.INFO: A guest opened the products page [] []
[2025-05-16T08:42:36.896769+02:00] product.INFO: A guest opened the products page [] []
[2025-05-16T08:42:38.921617+02:00] product.INFO: A guest opened the products page on Dairy page [] []
[2025-05-16T08:42:38.999275+02:00] product.INFO: A guest opened the products page [] []
[2025-05-16T08:42:39.874367+02:00] product.INFO: A guest opened the products page [] []
[2025-05-16T08:42:39.934182+02:00] product.INFO: A guest opened the products page [] []
[2025-05-16T08:42:41.220085+02:00] product.INFO: A guest opened the products page [] []
[2025-05-16T08:42:41.348534+02:00] product.INFO: A guest opened the products page [] []
[2025-05-16T08:42:59.017946+02:00] product.INFO: A guest opened the products page [] []
[2025-05-16T08:45:47.272145+02:00] product.INFO: A guest opened the products page on Bakery page [] []
[2025-05-16T08:46:10.995995+02:00] product.INFO: A guest opened the products page [] []
[2025-05-16T08:46:12.707799+02:00] product.INFO: A guest opened the products page on Dairy page [] []
[2025-05-16T08:46:13.264129+02:00] product.INFO: A guest opened the products page on Bakery page [] []
[2025-05-16T08:46:13.779060+02:00] product.INFO: A guest opened the products page on Fruit page [] []
[2025-05-16T08:46:14.943898+02:00] product.INFO: A guest opened the products page on Meat page [] []
[2025-05-16T08:46:16.020604+02:00] product.INFO: A guest opened the products page [] []
[2025-05-16T08:46:16.140950+02:00] product.INFO: A guest opened the products page [] []
[2025-05-16T09:01:05.978111+02:00] product.INFO: A guest opened the products page on Dairy page [] []
[2025-05-16T09:01:06.031441+02:00] product.INFO: A guest opened the products page [] []
[2025-05-16T09:01:08.021885+02:00] product.INFO: A guest opened the products page [] []
[2025-05-16T09:01:08.119457+02:00] product.INFO: A guest opened the products page [] []
[2025-05-16T09:01:50.529802+02:00] product.INFO: A guest opened the products page [] []
[2025-05-16T09:01:50.607543+02:00] product.INFO: A guest opened the products page [] []
[2025-05-16T09:01:51.529683+02:00] product.INFO: A guest opened the products page on Dairy page [] []
[2025-05-16T09:01:51.583326+02:00] product.INFO: A guest opened the products page [] []
[2025-05-16T09:01:56.448956+02:00] product.INFO: A guest opened the products page [] []
[2025-05-16T09:02:02.775305+02:00] product.INFO: A guest opened the products page [] []
[2025-05-16T09:02:06.157564+02:00] product.INFO: A guest opened the products page on Dairy page [] []
[2025-05-16T09:02:06.235471+02:00] product.INFO: A guest opened the products page [] []
[2025-05-16T09:02:11.069974+02:00] product.INFO: A guest opened the products page [] []
[2025-05-16T09:02:11.132005+02:00] product.INFO: A guest opened the products page [] []
[2025-05-16T09:02:14.340657+02:00] product.INFO: A guest opened the products page [] []
[2025-05-16T09:02:44.877297+02:00] product.INFO: A guest opened the products page [] []
[2025-05-16T09:02:46.223791+02:00] product.INFO: A guest opened the products page [] []
[2025-05-16T09:03:12.525272+02:00] product.INFO: A guest opened the products page [] []
[2025-05-16T09:03:13.837227+02:00] product.INFO: A guest opened the products page [] []
[2025-05-16T09:03:39.552077+02:00] product.INFO: A guest opened the products page [] []
[2025-05-16T09:04:22.505449+02:00] product.INFO: A guest opened the products page on Meat page [] []
[2025-05-16T09:04:22.600836+02:00] product.INFO: A guest opened the products page [] []
[2025-05-16T09:04:23.395038+02:00] product.INFO: A guest opened the products page [] []
[2025-05-16T09:04:23.551124+02:00] product.INFO: A guest opened the products page [] []
[2025-05-16T09:04:27.590669+02:00] product.INFO: A guest opened the products page [] []
[2025-05-16T09:04:51.272871+02:00] product.INFO: A guest opened the products page [] []
[2025-05-16T09:05:53.962684+02:00] product.INFO: A guest opened the products page [] []
[2025-05-16T09:05:55.889744+02:00] product.INFO: A guest opened the products page [] []
[2025-05-16T09:06:38.606337+02:00] product.INFO: A guest opened the products page [] []
[2025-05-16T09:06:40.229703+02:00] product.INFO: A guest opened the products page [] []
[2025-05-16T09:08:28.858173+02:00] product.INFO: A guest opened the products page [] []
[2025-05-16T09:08:29.758810+02:00] product.INFO: A guest opened the products page [] []
[2025-05-16T09:08:56.024812+02:00] product.INFO: A guest opened the products page [] []
[2025-05-16T09:09:57.058481+02:00] product.INFO: A guest opened the products page [] []
[2025-05-16T09:09:58.183447+02:00] product.INFO: A guest opened the products page [] []
[2025-05-16T09:12:06.767776+02:00] product.INFO: A guest opened the products page [] []
[2025-05-16T09:12:07.837016+02:00] product.INFO: A guest opened the products page [] []
[2025-05-16T09:12:08.695103+02:00] product.INFO: A guest opened the products page [] []
[2025-05-16T09:12:09.506399+02:00] product.INFO: A guest opened the products page [] []
[2025-05-16T09:12:18.002162+02:00] product.INFO: A guest opened the products page [] []
[2025-05-16T09:12:19.535726+02:00] product.INFO: A guest opened the products page [] []
[2025-05-16T09:12:21.886541+02:00] product.INFO: A guest opened the products page on Meat page [] []
[2025-05-16T09:12:22.001815+02:00] product.INFO: A guest opened the products page [] []
[2025-05-16T09:12:23.959122+02:00] product.INFO: A guest opened the products page on Fruit page [] []
[2025-05-16T09:12:24.020001+02:00] product.INFO: A guest opened the products page [] []
[2025-05-16T09:12:24.780147+02:00] product.INFO: A guest opened the products page on Bakery page [] []
[2025-05-16T09:12:24.896318+02:00] product.INFO: A guest opened the products page [] []
[2025-05-16T09:12:25.241033+02:00] product.INFO: A guest opened the products page on Dairy page [] []
[2025-05-16T09:12:25.302661+02:00] product.INFO: A guest opened the products page [] []
[2025-05-16T09:12:55.367810+02:00] product.INFO: A guest opened the products page [] []
[2025-05-16T09:12:57.014501+02:00] product.INFO: A guest opened the products page on Fruit page [] []
[2025-05-16T09:12:57.121501+02:00] product.INFO: A guest opened the products page [] []
[2025-05-16T09:13:25.740975+02:00] product.INFO: A guest opened the products page [] []
[2025-05-16T09:13:28.387232+02:00] product.INFO: A guest opened the products page on Meat page [] []
[2025-05-16T09:13:28.445991+02:00] product.INFO: A guest opened the products page [] []
[2025-05-16T09:13:29.491514+02:00] product.INFO: A guest opened the products page [] []
[2025-05-16T09:13:29.612096+02:00] product.INFO: A guest opened the products page [] []
[2025-05-16T09:13:30.618246+02:00] product.INFO: A guest opened the products page on Meat page [] []
[2025-05-16T09:13:30.673025+02:00] product.INFO: A guest opened the products page [] []
[2025-05-16T09:13:37.513839+02:00] product.INFO: A guest opened the products page [] []
[2025-05-16T09:13:37.645313+02:00] product.INFO: A guest opened the products page [] []
[2025-05-16T09:13:41.283071+02:00] product.INFO: A guest opened the products page [] []
[2025-05-16T09:14:05.828384+02:00] product.INFO: A guest opened the products page [] []
[2025-05-16T09:14:07.380862+02:00] product.INFO: A guest opened the products page [] []
[2025-05-16T09:15:01.192828+02:00] product.INFO: A guest opened the products page [] []
[2025-05-16T09:15:11.241180+02:00] product.INFO: A guest opened the products page [] []
[2025-05-16T09:15:34.187134+02:00] product.INFO: A guest opened the products page [] []
[2025-05-16T09:15:34.395770+02:00] product.INFO: A guest opened the products page [] []
[2025-05-16T09:15:34.788146+02:00] product.INFO: A guest opened the products page [] []
[2025-05-16T09:15:34.935067+02:00] product.INFO: A guest opened the products page [] []
[2025-05-16T09:15:36.257410+02:00] product.INFO: A guest opened the products page [] []
[2025-05-16T09:15:36.405623+02:00] product.INFO: A guest opened the products page [] []
[2025-05-16T09:15:37.328769+02:00] product.INFO: A guest opened the products page [] []
[2025-05-16T09:15:37.473362+02:00] product.INFO: A guest opened the products page [] []
[2025-05-16T09:15:40.287612+02:00] product.INFO: A guest opened the products page [] []
[2025-05-16T09:15:40.416442+02:00] product.INFO: A guest opened the products page [] []
[2025-05-16T09:15:40.968985+02:00] product.INFO: A guest opened the products page [] []
[2025-05-16T09:15:41.099677+02:00] product.INFO: A guest opened the products page [] []
[2025-05-16T09:15:41.868638+02:00] product.INFO: A guest opened the products page on Meat page [] []
[2025-05-16T09:15:41.927856+02:00] product.INFO: A guest opened the products page [] []
[2025-05-16T09:15:48.194145+02:00] product.INFO: A guest opened the products page [] []
[2025-05-16T09:15:49.116168+02:00] product.INFO: A guest opened the products page on Meat page [] []
[2025-05-16T09:15:49.908728+02:00] product.INFO: A guest opened the products page [] []
[2025-05-16T09:15:49.972368+02:00] product.INFO: A guest opened the products page [] []
[2025-05-16T09:15:52.213791+02:00] product.INFO: A guest opened the products page [] []
[2025-05-16T09:15:52.343287+02:00] product.INFO: A guest opened the products page [] []
[2025-05-16T09:16:17.291342+02:00] product.INFO: A guest opened the products page [] []
[2025-05-16T09:16:17.358112+02:00] product.INFO: A guest opened the products page [] []
[2025-05-16T09:16:18.733848+02:00] product.INFO: A guest opened the products page on Fruit page [] []
[2025-05-16T09:16:18.789681+02:00] product.INFO: A guest opened the products page [] []
[2025-05-16T09:16:19.532261+02:00] product.INFO: A guest opened the products page [] []
[2025-05-16T09:16:19.665873+02:00] product.INFO: A guest opened the products page [] []
[2025-05-16T09:16:22.303746+02:00] product.INFO: A guest opened the products page on Dairy page [] []
[2025-05-16T09:16:22.358260+02:00] product.INFO: A guest opened the products page [] []
[2025-05-16T09:16:23.716944+02:00] product.INFO: A guest opened the products page [] []
[2025-05-16T09:16:23.838028+02:00] product.INFO: A guest opened the products page [] []
[2025-05-16T09:16:24.732744+02:00] product.INFO: A guest opened the products page [] []
[2025-05-16T09:16:24.869857+02:00] product.INFO: A guest opened the products page [] []
[2025-05-16T09:16:25.705692+02:00] product.INFO: A guest opened the products page [] []
[2025-05-16T09:16:25.830184+02:00] product.INFO: A guest opened the products page [] []
[2025-05-16T09:16:26.403108+02:00] product.INFO: A guest opened the products page [] []
[2025-05-16T09:16:26.549114+02:00] product.INFO: A guest opened the products page [] []
[2025-05-16T09:16:26.668699+02:00] product.INFO: A guest opened the products page [] []
[2025-05-16T09:16:26.796531+02:00] product.INFO: A guest opened the products page [] []
[2025-05-16T09:16:40.082630+02:00] product.INFO: A guest opened the products page [] []
[2025-05-16T09:16:40.162058+02:00] product.INFO: A guest opened the products page [] []
[2025-05-16T09:16:49.048407+02:00] product.INFO: A guest opened the products page [] []
[2025-05-16T09:16:50.039562+02:00] product.INFO: A guest opened the products page on Bakery page [] []
[2025-05-16T09:16:50.705809+02:00] product.INFO: A guest opened the products page on Dairy page [] []
[2025-05-16T09:17:16.605342+02:00] product.INFO: A guest opened the products page on Dairy page [] []
[2025-05-16T09:17:19.199528+02:00] product.INFO: A guest opened the products page [] []
[2025-05-16T09:17:20.938893+02:00] product.INFO: A guest opened the products page on Dairy page [] []
[2025-05-16T09:17:21.864436+02:00] product.INFO: A guest opened the products page [] []
[2025-05-16T09:17:24.611089+02:00] product.INFO: A guest opened the products page on Dairy page [] []
[2025-05-16T09:17:25.586273+02:00] product.INFO: A guest opened the products page [] []
[2025-05-16T09:17:28.167839+02:00] product.INFO: A guest opened the products page [] []
[2025-05-16T09:19:16.834336+02:00] product.INFO: A guest opened the products page [] []
[2025-05-16T09:19:19.208281+02:00] product.INFO: A guest opened the products page on Meat page [] []
[2025-05-16T09:19:20.172956+02:00] product.INFO: A guest opened the products page [] []
[2025-05-16T09:19:22.874509+02:00] product.INFO: A guest opened the products page [] []
[2025-05-16T09:19:46.766837+02:00] product.INFO: A guest opened the products page [] []
[2025-05-16T09:21:39.350540+02:00] product.INFO: A guest opened the products page [] []
[2025-05-16T09:21:43.157295+02:00] product.INFO: A guest opened the products page [] []
[2025-05-16T09:22:00.658226+02:00] product.INFO: A guest opened the products page [] []
[2025-05-16T09:24:04.552860+02:00] product.INFO: A guest opened the products page [] []
[2025-05-16T09:25:43.226203+02:00] product.INFO: A guest opened the products page [] []
[2025-05-16T09:26:38.335063+02:00] product.INFO: A guest opened the products page [] []
[2025-05-16T09:26:51.389643+02:00] product.INFO: A guest opened the products page [] []
[2025-05-16T09:27:23.495862+02:00] product.INFO: A guest opened the products page [] []
[2025-05-16T09:27:41.702784+02:00] product.INFO: A guest opened the products page [] []
[2025-05-16T09:27:46.688367+02:00] product.INFO: A guest opened the products page [] []
